<?xml version="1.0" encoding="UTF-8"?>
<testng-results skipped="0" failed="0" ignored="0" total="4" passed="4">
  <reporter-output>
  </reporter-output>
  <suite name="Default suite" duration-ms="69944" started-at="2020-10-24T04:13:58 IST" finished-at="2020-10-24T04:15:07 IST">
    <groups>
    </groups>
    <test name="Default test" duration-ms="69944" started-at="2020-10-24T04:13:58 IST" finished-at="2020-10-24T04:15:07 IST">
      <class name="main.MainClass">
        <test-method status="PASS" signature="openbrowser()[pri:0, instance:main.MainClass@5e853265]" name="openbrowser" is-config="true" duration-ms="12736" started-at="2020-10-24T04:13:58 IST" finished-at="2020-10-24T04:14:10 IST">
          <reporter-output>
          </reporter-output>
        </test-method> <!-- openbrowser -->
        <test-method status="PASS" signature="login()[pri:1, instance:main.MainClass@5e853265]" name="login" duration-ms="6203" started-at="2020-10-24T04:14:10 IST" finished-at="2020-10-24T04:14:16 IST">
          <reporter-output>
          </reporter-output>
        </test-method> <!-- login -->
        <test-method status="PASS" signature="address()[pri:2, instance:main.MainClass@5e853265]" name="address" duration-ms="5842" started-at="2020-10-24T04:14:16 IST" finished-at="2020-10-24T04:14:22 IST">
          <reporter-output>
          </reporter-output>
        </test-method> <!-- address -->
        <test-method status="PASS" signature="selectDress()[pri:3, instance:main.MainClass@5e853265]" name="selectDress" duration-ms="28508" started-at="2020-10-24T04:14:22 IST" depends-on-methods="main.MainClass.address, main.MainClass.login" finished-at="2020-10-24T04:14:51 IST">
          <reporter-output>
          </reporter-output>
        </test-method> <!-- selectDress -->
        <test-method status="PASS" signature="checkout()[pri:4, instance:main.MainClass@5e853265]" name="checkout" duration-ms="16613" started-at="2020-10-24T04:14:51 IST" depends-on-methods="main.MainClass.selectDress, main.MainClass.address, main.MainClass.login" finished-at="2020-10-24T04:15:07 IST">
          <reporter-output>
          </reporter-output>
        </test-method> <!-- checkout -->
      </class> <!-- main.MainClass -->
    </test> <!-- Default test -->
  </suite> <!-- Default suite -->
</testng-results>
