<?xml version="1.0" encoding="UTF-8"?>
<!-- Generated by org.testng.reporters.JUnitXMLReporter -->
<testsuite hostname="DESKTOP-9D0UF9G" ignored="0" name="Default test" tests="4" failures="0" timestamp="2020-10-24T04:15:07 IST" time="69.944" errors="0">
  <testcase name="login" time="6.203" classname="main.MainClass"/>
  <testcase name="address" time="5.842" classname="main.MainClass"/>
  <testcase name="selectDress" time="28.508" classname="main.MainClass"/>
  <testcase name="checkout" time="16.613" classname="main.MainClass"/>
</testsuite> <!-- Default test -->
